-------------------------------------------------------------------------------
Test set: ar.edu.unlp.info.oo1.ejercicio2.BalanzaTest
-------------------------------------------------------------------------------
Tests run: 7, Failures: 0, Errors: 7, Skipped: 0, Time elapsed: 0.103 s <<< FAILURE! - in ar.edu.unlp.info.oo1.ejercicio2.BalanzaTest
testPesoTotal  Time elapsed: 0.06 s  <<< ERROR!
java.lang.NullPointerException: Cannot invoke "java.lang.Integer.intValue()" because "this.cantidadDeProductos" is null
	at ar.edu.unlp.info.oo1.ejercicio2.BalanzaTest.testPesoTotal(BalanzaTest.java:75)

testPonerEnCero  Time elapsed: 0.004 s  <<< ERROR!
java.lang.NullPointerException: Cannot invoke "java.lang.Integer.intValue()" because "this.cantidadDeProductos" is null
	at ar.edu.unlp.info.oo1.ejercicio2.BalanzaTest.testPonerEnCero(BalanzaTest.java:83)

testEmitirTicket  Time elapsed: 0 s  <<< ERROR!
java.lang.NullPointerException: Cannot invoke "java.lang.Integer.intValue()" because "this.cantidadDeProductos" is null
	at ar.edu.unlp.info.oo1.ejercicio2.BalanzaTest.testEmitirTicket(BalanzaTest.java:50)

testPrecioTotal  Time elapsed: 0.003 s  <<< ERROR!
java.lang.NullPointerException: Cannot invoke "java.lang.Integer.intValue()" because "this.cantidadDeProductos" is null
	at ar.edu.unlp.info.oo1.ejercicio2.BalanzaTest.testPrecioTotal(BalanzaTest.java:93)

testCantidadDeProductos  Time elapsed: 0.002 s  <<< ERROR!
java.lang.NullPointerException: Cannot invoke "java.lang.Integer.intValue()" because "this.cantidadDeProductos" is null
	at ar.edu.unlp.info.oo1.ejercicio2.BalanzaTest.testCantidadDeProductos(BalanzaTest.java:41)

testAgregarProducto  Time elapsed: 0.002 s  <<< ERROR!
java.lang.NullPointerException: Cannot invoke "java.lang.Integer.intValue()" because "this.cantidadDeProductos" is null
	at ar.edu.unlp.info.oo1.ejercicio2.BalanzaTest.testAgregarProducto(BalanzaTest.java:28)

testConstructor  Time elapsed: 0.003 s  <<< ERROR!
java.lang.NullPointerException: Cannot invoke "java.lang.Integer.intValue()" because "this.cantidadDeProductos" is null
	at ar.edu.unlp.info.oo1.ejercicio2.BalanzaTest.testConstructor(BalanzaTest.java:69)

