<?xml version="1.0" encoding="UTF-8"?>
<testsuite xmlns:xsi="http://www.w3.org/2001/XMLSchema-instance" xsi:noNamespaceSchemaLocation="https://maven.apache.org/surefire/maven-surefire-plugin/xsd/surefire-test-report.xsd" name="ar.edu.unlp.info.oo1.ejercicio2.ProductoTest" time="0" tests="5" errors="0" skipped="0" failures="0">
  <properties>
[...]
</properties>
  <testcase name="testPrecioPorKilo" classname="ar.edu.unlp.info.oo1.ejercicio2.ProductoTest" time="0"/>
  <testcase name="testPeso" classname="ar.edu.unlp.info.oo1.ejercicio2.ProductoTest" time="0"/>
  <testcase name="testSetPrecioPorKilo" classname="ar.edu.unlp.info.oo1.ejercicio2.ProductoTest" time="0"/>
  <testcase name="testPrecio" classname="ar.edu.unlp.info.oo1.ejercicio2.ProductoTest" time="0"/>
  <testcase name="testDescripcion" classname="ar.edu.unlp.info.oo1.ejercicio2.ProductoTest" time="0"/>
</testsuite>